1693328291330	geckodriver	INFO	Listening on 127.0.0.1:52635
1693328294838	mozrunner::runner	INFO	Running command: "C:\\Program Files\\Mozilla Firefox\\firefox.exe" "--marionette" "--remote-debugging-port" "52636" "--remote-allow-hosts" "localhost" "-no-remote" "-profile" "C:\\Users\\NAZEEM~1\\AppData\\Local\\Temp\\rust_mozprofile0FntXp"
console.warn: services.settings: Ignoring preference override of remote settings server
console.warn: services.settings: Allow by setting MOZ_REMOTE_SETTINGS_DEVTOOLS=1 in the environment
1693328295378	Marionette	INFO	Marionette enabled
Dynamically enable window occlusion 0
1693328295490	Marionette	INFO	Listening on port 52645
WebDriver BiDi listening on ws://127.0.0.1:52636
Read port: 
1693328295551	geckodriver::browser	WARN	Failed fo convert  to u16
Read port: 52645
1693328297246	RemoteAgent	WARN	TLS certificate errors will be ignored for this session
DevTools listening on ws://127.0.0.1:52636/devtools/browser/f64144a3-53f0-4860-8713-2dbe0019db05
console.error: Region.sys.mjs: "Error fetching region" (new Error("TIMEOUT", "resource://gre/modules/Region.sys.mjs", 759))
console.error: Region.sys.mjs: "Failed to fetch region" (new Error("TIMEOUT", "resource://gre/modules/Region.sys.mjs", 411))
JavaScript error: https://media.ethicalads.io/media/client/v1.4.0/ethicalads.min.js, line 1: Error: No ad placements found.
JavaScript error: resource:///actors/FormValidationChild.sys.mjs, line 178: TypeError: this._element is null
[Parent 11168, IPC I/O Parent] WARNING: DuplicateHandle failed for handle 0 in TransferHandles: file /builds/worker/checkouts/gecko/ipc/chromium/src/chrome/common/ipc_channel_win.cc:621
[GPU 12640, IPC I/O Child] WARNING: pipe error: 232: file /builds/worker/checkouts/gecko/ipc/chromium/src/chrome/common/ipc_channel_win.cc:443
JavaScript warning: https://www.googletagmanager.com/gtag/js?id=G-TF35YF9CVH, line 157: Script terminated by timeout at:
fd.prototype.set@https://www.googletagmanager.com/gtag/js?id=G-TF35YF9CVH:157:1260
f@https://www.googletagmanager.com/gtag/js?id=G-TF35YF9CVH:162:441
e@https://www.googletagmanager.com/gtag/js?id=G-TF35YF9CVH:162:48
f@https://www.googletagmanager.com/gtag/js?id=G-TF35YF9CVH:162:243
qd@https://www.googletagmanager.com/gtag/js?id=G-TF35YF9CVH:162:651
GF/<@https://www.googletagmanager.com/gtag/js?id=G-TF35YF9CVH:556:426
up@https://www.googletagmanager.com/gtag/js?id=G-TF35YF9CVH:353:231
aa.gm@https://www.googletagmanager.com/gtag/js?id=G-TF35YF9CVH:544:3
aa.fm/k/<@https://www.googletagmanager.com/gtag/js?id=G-TF35YF9CVH:529:494
Ij@https://www.googletagmanager.com/gtag/js?id=G-TF35YF9CVH:272:221
Uj@https://www.googletagmanager.com/gtag/js?id=G-TF35YF9CVH:274:349
k@https://www.googletagmanager.com/gtag/js?id=G-TF35YF9CVH:529:480
c@https://www.googletagmanager.com/gtag/js?id=G-TF35YF9CVH:316:169
on@https://www.googletagmanager.com/gtag/js?id=G-TF35YF9CVH:317:269
aa.fm@https://www.googletagmanager.com/gtag/js?id=G-TF35YF9CVH:530:13
c@https://www.googletagmanager.com/gtag/js?id=G-TF35YF9CVH:549:694
Xv@https://www.googletagmanager.com/gtag/js?id=G-TF35YF9CVH:394:298
Wv.prototype.flush@https://www.googletagmanager.com/gtag/js?id=G-TF35YF9CVH:397:266
Wv.prototype.push@https://www.googletagmanager.com/gtag/js?id=G-TF35YF9CVH:395:207
Pv@https://www.googletagmanager.com/gtag/js?id=G-TF35YF9CVH:392:712
fF/<@https://www.googletagmanager.com/gtag/js?id=G-TF35YF9CVH:550:153
aa.uk/<@https://www.googletagmanager.com/gtag/js?id=G-TF35YF9CVH:501:126
aa.uk/c/<@https://www.googletagmanager.com/gtag/js?id=G-TF35YF9CVH:500:420

1693328416453	Marionette	INFO	Stopped listening on port 52645
Dynamically enable window occlusion 1
[Parent 11168, IPC I/O Parent] WARNING: DuplicateHandle failed for handle 0 in TransferHandles: file /builds/worker/checkouts/gecko/ipc/chromium/src/chrome/common/ipc_channel_win.cc:621
[GPU 12640, IPC I/O Child] WARNING: pipe error: 232: file /builds/worker/checkouts/gecko/ipc/chromium/src/chrome/common/ipc_channel_win.cc:443
[Parent 11168, IPC I/O Parent] WARNING: DuplicateHandle failed for handle 0 in TransferHandles: file /builds/worker/checkouts/gecko/ipc/chromium/src/chrome/common/ipc_channel_win.cc:621
[GPU 12640, IPC I/O Child] WARNING: pipe error: 232: file /builds/worker/checkouts/gecko/ipc/chromium/src/chrome/common/ipc_channel_win.cc:443
[Parent 11168, IPC I/O Parent] WARNING: DuplicateHandle failed for handle 0 in TransferHandles: file /builds/worker/checkouts/gecko/ipc/chromium/src/chrome/common/ipc_channel_win.cc:621
[GPU 12640, IPC I/O Child] WARNING: pipe error: 232: file /builds/worker/checkouts/gecko/ipc/chromium/src/chrome/common/ipc_channel_win.cc:443
[Parent 11168, IPC I/O Parent] WARNING: DuplicateHandle failed for handle 0 in TransferHandles: file /builds/worker/checkouts/gecko/ipc/chromium/src/chrome/common/ipc_channel_win.cc:621
[GPU 12640, IPC I/O Child] WARNING: pipe error: 232: file /builds/worker/checkouts/gecko/ipc/chromium/src/chrome/common/ipc_channel_win.cc:443
[Parent 11168, IPC I/O Parent] WARNING: DuplicateHandle failed for handle 0 in TransferHandles: file /builds/worker/checkouts/gecko/ipc/chromium/src/chrome/common/ipc_channel_win.cc:621
[GPU 12640, IPC I/O Child] WARNING: pipe error: 232: file /builds/worker/checkouts/gecko/ipc/chromium/src/chrome/common/ipc_channel_win.cc:443
nager.com/gtag/js?id=G-TF35YF9CVH:529:480
c@https://www.googletagmanager.com/gtag/js?id=G-TF35YF9CVH:316:169
on@https://www.googletagmanager.com/gtag/js?id=G-TF35YF9CVH:317:269
aa.fm@https://www.googletagmanager.com/gtag/js?id=G-TF35YF9CVH:530:13
c@https://www.googletagmanager.com/gtag/js?id=G-TF35YF9CVH:549:694
Xv@https://www.googletagmanager.com/gtag/js?id=G-TF35YF9CVH:394:298
Wv.prototype.flush@https://www.googletagmanager.com/gtag/js?id=G-TF35YF9CVH:397:266
Wv.prototype.push@https://www.googletagmanager.com/gtag/js?id=G-TF35YF9CVH:395:207
Pv@https://www.googletagmanager.com/gtag/js?id=G-TF35YF9CVH:392:712
fF/<@https://www.googletagmanager.com/gtag/js?id=G-TF35YF9CVH:550:153
aa.uk/<@https://www.googletagmanager.com/gtag/js?id=G-TF35YF9CVH:501:126
aa.uk/c/<@https://www.googletagmanager.com/gtag/js?id=G-TF35YF9CVH:500:420

1693328414893	Marionette	INFO	Stopped listening on port 52724
Dynamically enable window occlusion 1
[Parent 6788, IPC I/O Parent] WARNING: DuplicateHandle failed for handle 0 in TransferHandles: file /builds/worker/checkouts/gecko/ipc/chromium/src/chrome/common/ipc_channel_win.cc:621
[GPU 6932, IPC I/O Child] WARNING: pipe error: 232: file /builds/worker/checkouts/gecko/ipc/chromium/src/chrome/common/ipc_channel_win.cc:443
[Parent 6788, IPC I/O Parent] WARNING: DuplicateHandle failed for handle 0 in TransferHandles: file /builds/worker/checkouts/gecko/ipc/chromium/src/chrome/common/ipc_channel_win.cc:621
[GPU 6932, IPC I/O Child] WARNING: pipe error: 232: file /builds/worker/checkouts/gecko/ipc/chromium/src/chrome/common/ipc_channel_win.cc:443
[Parent 6788, IPC I/O Parent] WARNING: DuplicateHandle failed for handle 0 in TransferHandles: file /builds/worker/checkouts/gecko/ipc/chromium/src/chrome/common/ipc_channel_win.cc:621
[GPU 6932, IPC I/O Child] WARNING: pipe error: 232: file /builds/worker/checkouts/gecko/ipc/chromium/src/chrome/common/ipc_channel_win.cc:443
[Parent 6788, IPC I/O Parent] WARNING: DuplicateHandle failed for handle 0 in TransferHandles: file /builds/worker/checkouts/gecko/ipc/chromium/src/chrome/common/ipc_channel_win.cc:621
[GPU 6932, IPC I/O Child] WARNING: pipe error: 232: file /builds/worker/checkouts/gecko/ipc/chromium/src/chrome/common/ipc_channel_win.cc:443
[Parent 6788, IPC I/O Parent] WARNING: DuplicateHandle failed for handle 0 in TransferHandles: file /builds/worker/checkouts/gecko/ipc/chromium/src/chrome/common/ipc_channel_win.cc:621
[GPU 6932, IPC I/O Child] WARNING: pipe error: 232: file /builds/worker/checkouts/gecko/ipc/chromium/src/chrome/common/ipc_channel_win.cc:443
